{"numFailedTestSuites":1,"numFailedTests":1,"numPassedTestSuites":0,"numPassedTests":6,"numPendingTestSuites":0,"numPendingTests":0,"numRuntimeErrorTestSuites":0,"numTodoTests":0,"numTotalTestSuites":1,"numTotalTests":7,"openHandles":[],"snapshot":{"added":0,"didUpdate":false,"failure":false,"filesAdded":0,"filesRemoved":0,"filesRemovedList":[],"filesUnmatched":0,"filesUpdated":0,"matched":0,"total":0,"unchecked":0,"uncheckedKeysByFile":[],"unmatched":0,"updated":0},"startTime":1771578742784,"success":false,"testResults":[{"assertionResults":[{"ancestorTitles":["Sandbox Integration Tests"],"duration":13,"failing":false,"failureDetails":[],"failureMessages":[],"fullName":"Sandbox Integration Tests should execute C code (Hello World)","invocations":1,"location":null,"numPassingAsserts":2,"retryReasons":[],"startAt":1771578745148,"status":"passed","title":"should execute C code (Hello World)"},{"ancestorTitles":["Sandbox Integration Tests"],"duration":3,"failing":false,"failureDetails":[],"failureMessages":[],"fullName":"Sandbox Integration Tests should execute C++ code (Hello World)","invocations":1,"location":null,"numPassingAsserts":2,"retryReasons":[],"startAt":1771578745162,"status":"passed","title":"should execute C++ code (Hello World)"},{"ancestorTitles":["Sandbox Integration Tests"],"duration":3,"failing":false,"failureDetails":[],"failureMessages":[],"fullName":"Sandbox Integration Tests should execute Java code (Hello World)","invocations":1,"location":null,"numPassingAsserts":2,"retryReasons":[],"startAt":1771578745165,"status":"passed","title":"should execute Java code (Hello World)"},{"ancestorTitles":["Sandbox Integration Tests"],"duration":3,"failing":false,"failureDetails":[],"failureMessages":[],"fullName":"Sandbox Integration Tests should execute Python code (Hello World)","invocations":1,"location":null,"numPassingAsserts":2,"retryReasons":[],"startAt":1771578745168,"status":"passed","title":"should execute Python code (Hello World)"},{"ancestorTitles":["Sandbox Integration Tests"],"duration":3,"failing":false,"failureDetails":[],"failureMessages":[],"fullName":"Sandbox Integration Tests should execute JavaScript code (Hello World)","invocations":1,"location":null,"numPassingAsserts":2,"retryReasons":[],"startAt":1771578745171,"status":"passed","title":"should execute JavaScript code (Hello World)"},{"ancestorTitles":["Sandbox Integration Tests"],"duration":4,"failing":false,"failureDetails":[{"matcherResult":{"actual":0,"expected":124,"message":"\u001b[2mexpect(\u001b[22m\u001b[31mreceived\u001b[39m\u001b[2m).\u001b[22mtoBe\u001b[2m(\u001b[22m\u001b[32mexpected\u001b[39m\u001b[2m) // Object.is equality\u001b[22m\n\nExpected: \u001b[32m124\u001b[39m\nReceived: \u001b[31m0\u001b[39m","name":"toBe","pass":false}}],"failureMessages":["Error: \u001b[2mexpect(\u001b[22m\u001b[31mreceived\u001b[39m\u001b[2m).\u001b[22mtoBe\u001b[2m(\u001b[22m\u001b[32mexpected\u001b[39m\u001b[2m) // Object.is equality\u001b[22m\n\nExpected: \u001b[32m124\u001b[39m\nReceived: \u001b[31m0\u001b[39m\n    at Object.<anonymous> (D:\\Studio\\antigravity\\optimizer\\backend\\tests\\sandbox.test.ts:125:33)"],"fullName":"Sandbox Integration Tests should handle infinite loops (Timeout)","invocations":1,"location":null,"numPassingAsserts":0,"retryReasons":[],"startAt":1771578745175,"status":"failed","title":"should handle infinite loops (Timeout)"},{"ancestorTitles":["Sandbox Integration Tests"],"duration":4,"failing":false,"failureDetails":[],"failureMessages":[],"fullName":"Sandbox Integration Tests should handle standard input","invocations":1,"location":null,"numPassingAsserts":2,"retryReasons":[],"startAt":1771578745185,"status":"passed","title":"should handle standard input"}],"endTime":1771578745201,"message":"\u001b[1m\u001b[31m  \u001b[1m● \u001b[22m\u001b[1mSandbox Integration Tests › should handle infinite loops (Timeout)\u001b[39m\u001b[22m\n\n    \u001b[2mexpect(\u001b[22m\u001b[31mreceived\u001b[39m\u001b[2m).\u001b[22mtoBe\u001b[2m(\u001b[22m\u001b[32mexpected\u001b[39m\u001b[2m) // Object.is equality\u001b[22m\n\n    Expected: \u001b[32m124\u001b[39m\n    Received: \u001b[31m0\u001b[39m\n\u001b[2m\u001b[22m\n\u001b[2m    \u001b[0m \u001b[90m 123 |\u001b[39m         \u001b[90m// Expect timeout behavior - usually exitCode 124 or error message\u001b[39m\u001b[22m\n\u001b[2m     \u001b[90m 124 |\u001b[39m         \u001b[90m// DockerSandbox implementation returns exitCode 124 for timeout\u001b[39m\u001b[22m\n\u001b[2m    \u001b[31m\u001b[1m>\u001b[22m\u001b[2m\u001b[39m\u001b[90m 125 |\u001b[39m         expect(result\u001b[33m.\u001b[39mexitCode)\u001b[33m.\u001b[39mtoBe(\u001b[35m124\u001b[39m)\u001b[33m;\u001b[39m\u001b[22m\n\u001b[2m     \u001b[90m     |\u001b[39m                                 \u001b[31m\u001b[1m^\u001b[22m\u001b[2m\u001b[39m\u001b[22m\n\u001b[2m     \u001b[90m 126 |\u001b[39m         expect(result\u001b[33m.\u001b[39merror)\u001b[33m.\u001b[39mtoContain(\u001b[32m'Timed Out'\u001b[39m)\u001b[33m;\u001b[39m\u001b[22m\n\u001b[2m     \u001b[90m 127 |\u001b[39m     })\u001b[33m;\u001b[39m\u001b[22m\n\u001b[2m     \u001b[90m 128 |\u001b[39m\u001b[0m\u001b[22m\n\u001b[2m\u001b[22m\n\u001b[2m      \u001b[2mat Object.<anonymous> (\u001b[22m\u001b[2m\u001b[0m\u001b[36mtests/sandbox.test.ts\u001b[39m\u001b[0m\u001b[2m:125:33)\u001b[22m\u001b[2m\u001b[22m\n","name":"D:\\Studio\\antigravity\\optimizer\\backend\\tests\\sandbox.test.ts","startTime":1771578743040,"status":"failed","summary":""}],"wasInterrupted":false}
